# JRE version: OpenJDK Runtime Environment Temurin-17.0.5+8 (17.0.5+8) (build 17.0.5+8)
# Java VM: OpenJDK 64-Bit Server VM Temurin-17.0.5+8 (17.0.5+8, mixed mode, tiered, compressed oops, compressed class ptrs, parallel gc, windows-amd64)
GC Precious Log:
 CPUs: 12 total, 12 available
 Memory: 7549M
 Large Page Support: Disabled
 NUMA Support: Disabled
 Compressed Oops: Enabled (32-bit)
 Alignments: Space 512K, Generation 512K, Heap 2M
 Heap Min Capacity: 100M
 Heap Initial Capacity: 100M
 Heap Max Capacity: 1G
 Pre-touch: Disabled
 Parallel Workers: 10
Heap:
 PSYoungGen      total 19456K, used 5870K [0x00000000eab00000, 0x00000000ec000000, 0x0000000100000000)
  eden space 18944K, 30% used [0x00000000eab00000,0x00000000eb09b8d8,0x00000000ebd80000)
  from space 512K, 25% used [0x00000000ebd80000,0x00000000ebda0000,0x00000000ebe00000)
  to   space 1024K, 0% used [0x00000000ebf00000,0x00000000ebf00000,0x00000000ec000000)
 ParOldGen       total 68608K, used 32964K [0x00000000c0000000, 0x00000000c4300000, 0x00000000eab00000)
  object space 68608K, 48% used [0x00000000c0000000,0x00000000c20312a0,0x00000000c4300000)
 Metaspace       used 53534K, committed 54400K, reserved 1097728K
  class space    used 5699K, committed 6080K, reserved 1048576K
GC Heap History (20 events):
Event: 5.245 GC heap before
{Heap before GC invocations=16 (full 2):
 PSYoungGen      total 24576K, used 24536K [0x00000000eab00000, 0x00000000ec680000, 0x0000000100000000)
  eden space 22016K, 100% used [0x00000000eab00000,0x00000000ec080000,0x00000000ec080000)
  from space 2560K, 98% used [0x00000000ec080000,0x00000000ec2f6170,0x00000000ec300000)
  to   space 3072K, 0% used [0x00000000ec380000,0x00000000ec380000,0x00000000ec680000)
 ParOldGen       total 68608K, used 14906K [0x00000000c0000000, 0x00000000c4300000, 0x00000000eab00000)
  object space 68608K, 21% used [0x00000000c0000000,0x00000000c0e8eae0,0x00000000c4300000)
 Metaspace       used 47221K, committed 48064K, reserved 1097728K
  class space    used 5104K, committed 5504K, reserved 1048576K
}
Event: 5.248 GC heap after
{Heap after GC invocations=16 (full 2):
 PSYoungGen      total 25088K, used 2624K [0x00000000eab00000, 0x00000000ec680000, 0x0000000100000000)
  eden space 22016K, 0% used [0x00000000eab00000,0x00000000eab00000,0x00000000ec080000)
  from space 3072K, 85% used [0x00000000ec380000,0x00000000ec610020,0x00000000ec680000)
  to   space 3072K, 0% used [0x00000000ec080000,0x00000000ec080000,0x00000000ec380000)
 ParOldGen       total 68608K, used 17285K [0x00000000c0000000, 0x00000000c4300000, 0x00000000eab00000)
  object space 68608K, 25% used [0x00000000c0000000,0x00000000c10e17c8,0x00000000c4300000)
 Metaspace       used 47221K, committed 48064K, reserved 1097728K
  class space    used 5104K, committed 5504K, reserved 1048576K
}
Event: 5.354 GC heap before
{Heap before GC invocations=17 (full 2):
 PSYoungGen      total 25088K, used 24640K [0x00000000eab00000, 0x00000000ec680000, 0x0000000100000000)
  eden space 22016K, 100% used [0x00000000eab00000,0x00000000ec080000,0x00000000ec080000)
  from space 3072K, 85% used [0x00000000ec380000,0x00000000ec610020,0x00000000ec680000)
  to   space 3072K, 0% used [0x00000000ec080000,0x00000000ec080000,0x00000000ec380000)
 ParOldGen       total 68608K, used 17285K [0x00000000c0000000, 0x00000000c4300000, 0x00000000eab00000)
  object space 68608K, 25% used [0x00000000c0000000,0x00000000c10e17c8,0x00000000c4300000)
 Metaspace       used 47416K, committed 48256K, reserved 1097728K
  class space    used 5122K, committed 5504K, reserved 1048576K
}
Event: 5.357 GC heap after
{Heap after GC invocations=17 (full 2):
 PSYoungGen      total 24576K, used 2208K [0x00000000eab00000, 0x00000000ec580000, 0x0000000100000000)
  eden space 22016K, 0% used [0x00000000eab00000,0x00000000eab00000,0x00000000ec080000)
  from space 2560K, 86% used [0x00000000ec080000,0x00000000ec2a8010,0x00000000ec300000)
  to   space 2560K, 0% used [0x00000000ec300000,0x00000000ec300000,0x00000000ec580000)
 ParOldGen       total 68608K, used 19749K [0x00000000c0000000, 0x00000000c4300000, 0x00000000eab00000)
  object space 68608K, 28% used [0x00000000c0000000,0x00000000c13497e8,0x00000000c4300000)
 Metaspace       used 47416K, committed 48256K, reserved 1097728K
  class space    used 5122K, committed 5504K, reserved 1048576K
}
Event: 5.425 GC heap before
{Heap before GC invocations=18 (full 2):
 PSYoungGen      total 24576K, used 24224K [0x00000000eab00000, 0x00000000ec580000, 0x0000000100000000)
  eden space 22016K, 100% used [0x00000000eab00000,0x00000000ec080000,0x00000000ec080000)
  from space 2560K, 86% used [0x00000000ec080000,0x00000000ec2a8010,0x00000000ec300000)
  to   space 2560K, 0% used [0x00000000ec300000,0x00000000ec300000,0x00000000ec580000)
 ParOldGen       total 68608K, used 19749K [0x00000000c0000000, 0x00000000c4300000, 0x00000000eab00000)
  object space 68608K, 28% used [0x00000000c0000000,0x00000000c13497e8,0x00000000c4300000)
 Metaspace       used 47473K, committed 48320K, reserved 1097728K
  class space    used 5133K, committed 5504K, reserved 1048576K
}
Event: 5.428 GC heap after
{Heap after GC invocations=18 (full 2):
 PSYoungGen      total 21504K, used 2528K [0x00000000eab00000, 0x00000000ecb80000, 0x0000000100000000)
  eden space 18944K, 0% used [0x00000000eab00000,0x00000000eab00000,0x00000000ebd80000)
  from space 2560K, 98% used [0x00000000ec300000,0x00000000ec578020,0x00000000ec580000)
  to   space 5632K, 0% used [0x00000000ebd80000,0x00000000ebd80000,0x00000000ec300000)
 ParOldGen       total 68608K, used 21953K [0x00000000c0000000, 0x00000000c4300000, 0x00000000eab00000)
  object space 68608K, 31% used [0x00000000c0000000,0x00000000c15707f8,0x00000000c4300000)
 Metaspace       used 47473K, committed 48320K, reserved 1097728K
  class space    used 5133K, committed 5504K, reserved 1048576K
}
Event: 5.462 GC heap before
{Heap before GC invocations=19 (full 2):
 PSYoungGen      total 21504K, used 21472K [0x00000000eab00000, 0x00000000ecb80000, 0x0000000100000000)
  eden space 18944K, 100% used [0x00000000eab00000,0x00000000ebd80000,0x00000000ebd80000)
  from space 2560K, 98% used [0x00000000ec300000,0x00000000ec578020,0x00000000ec580000)
  to   space 5632K, 0% used [0x00000000ebd80000,0x00000000ebd80000,0x00000000ec300000)
 ParOldGen       total 68608K, used 21953K [0x00000000c0000000, 0x00000000c4300000, 0x00000000eab00000)
  object space 68608K, 31% used [0x00000000c0000000,0x00000000c15707f8,0x00000000c4300000)
 Metaspace       used 47473K, committed 48320K, reserved 1097728K
  class space    used 5133K, committed 5504K, reserved 1048576K
}
Event: 5.466 GC heap after
{Heap after GC invocations=19 (full 2):
 PSYoungGen      total 21504K, used 2208K [0x00000000eab00000, 0x00000000ec480000, 0x0000000100000000)
  eden space 18944K, 0% used [0x00000000eab00000,0x00000000eab00000,0x00000000ebd80000)
  from space 2560K, 86% used [0x00000000ebd80000,0x00000000ebfa8000,0x00000000ec000000)
  to   space 3584K, 0% used [0x00000000ec100000,0x00000000ec100000,0x00000000ec480000)
 ParOldGen       total 68608K, used 24536K [0x00000000c0000000, 0x00000000c4300000, 0x00000000eab00000)
  object space 68608K, 35% used [0x00000000c0000000,0x00000000c17f63d8,0x00000000c4300000)
 Metaspace       used 47473K, committed 48320K, reserved 1097728K
  class space    used 5133K, committed 5504K, reserved 1048576K
}
Event: 5.500 GC heap before
{Heap before GC invocations=20 (full 2):
 PSYoungGen      total 21504K, used 21152K [0x00000000eab00000, 0x00000000ec480000, 0x0000000100000000)
  eden space 18944K, 100% used [0x00000000eab00000,0x00000000ebd80000,0x00000000ebd80000)
  from space 2560K, 86% used [0x00000000ebd80000,0x00000000ebfa8000,0x00000000ec000000)
  to   space 3584K, 0% used [0x00000000ec100000,0x00000000ec100000,0x00000000ec480000)
 ParOldGen       total 68608K, used 24536K [0x00000000c0000000, 0x00000000c4300000, 0x00000000eab00000)
  object space 68608K, 35% used [0x00000000c0000000,0x00000000c17f63d8,0x00000000c4300000)
 Metaspace       used 47473K, committed 48320K, reserved 1097728K
  class space    used 5133K, committed 5504K, reserved 1048576K
}
Event: 5.504 GC heap after
{Heap after GC invocations=20 (full 2):
 PSYoungGen      total 21504K, used 2400K [0x00000000eab00000, 0x00000000ec380000, 0x0000000100000000)
  eden space 18944K, 0% used [0x00000000eab00000,0x00000000eab00000,0x00000000ebd80000)
  from space 2560K, 93% used [0x00000000ec100000,0x00000000ec358010,0x00000000ec380000)
  to   space 2560K, 0% used [0x00000000ebd80000,0x00000000ebd80000,0x00000000ec000000)
 ParOldGen       total 68608K, used 26616K [0x00000000c0000000, 0x00000000c4300000, 0x00000000eab00000)
  object space 68608K, 38% used [0x00000000c0000000,0x00000000c19fe3d8,0x00000000c4300000)
 Metaspace       used 47473K, committed 48320K, reserved 1097728K
  class space    used 5133K, committed 5504K, reserved 1048576K
}
Event: 5.705 GC heap before
{Heap before GC invocations=21 (full 2):
 PSYoungGen      total 21504K, used 21344K [0x00000000eab00000, 0x00000000ec380000, 0x0000000100000000)
  eden space 18944K, 100% used [0x00000000eab00000,0x00000000ebd80000,0x00000000ebd80000)
  from space 2560K, 93% used [0x00000000ec100000,0x00000000ec358010,0x00000000ec380000)
  to   space 2560K, 0% used [0x00000000ebd80000,0x00000000ebd80000,0x00000000ec000000)
 ParOldGen       total 68608K, used 26616K [0x00000000c0000000, 0x00000000c4300000, 0x00000000eab00000)
  object space 68608K, 38% used [0x00000000c0000000,0x00000000c19fe3d8,0x00000000c4300000)
 Metaspace       used 47811K, committed 48640K, reserved 1097728K
  class space    used 5149K, committed 5568K, reserved 1048576K
}
Event: 5.708 GC heap after
{Heap after GC invocations=21 (full 2):
 PSYoungGen      total 21504K, used 2112K [0x00000000eab00000, 0x00000000ec280000, 0x0000000100000000)
  eden space 18944K, 0% used [0x00000000eab00000,0x00000000eab00000,0x00000000ebd80000)
  from space 2560K, 82% used [0x00000000ebd80000,0x00000000ebf90000,0x00000000ec000000)
  to   space 2560K, 0% used [0x00000000ec000000,0x00000000ec000000,0x00000000ec280000)
 ParOldGen       total 68608K, used 28856K [0x00000000c0000000, 0x00000000c4300000, 0x00000000eab00000)
  object space 68608K, 42% used [0x00000000c0000000,0x00000000c1c2e3e8,0x00000000c4300000)
 Metaspace       used 47811K, committed 48640K, reserved 1097728K
  class space    used 5149K, committed 5568K, reserved 1048576K
}
Event: 5.963 GC heap before
{Heap before GC invocations=22 (full 2):
 PSYoungGen      total 21504K, used 21056K [0x00000000eab00000, 0x00000000ec280000, 0x0000000100000000)
  eden space 18944K, 100% used [0x00000000eab00000,0x00000000ebd80000,0x00000000ebd80000)
  from space 2560K, 82% used [0x00000000ebd80000,0x00000000ebf90000,0x00000000ec000000)
  to   space 2560K, 0% used [0x00000000ec000000,0x00000000ec000000,0x00000000ec280000)
 ParOldGen       total 68608K, used 28856K [0x00000000c0000000, 0x00000000c4300000, 0x00000000eab00000)
  object space 68608K, 42% used [0x00000000c0000000,0x00000000c1c2e3e8,0x00000000c4300000)
 Metaspace       used 49976K, committed 50816K, reserved 1097728K
  class space    used 5395K, committed 5824K, reserved 1048576K
}
Event: 5.965 GC heap after
{Heap after GC invocations=22 (full 2):
 PSYoungGen      total 19968K, used 662K [0x00000000eab00000, 0x00000000ec100000, 0x0000000100000000)
  eden space 18944K, 0% used [0x00000000eab00000,0x00000000eab00000,0x00000000ebd80000)
  from space 1024K, 64% used [0x00000000ec000000,0x00000000ec0a5a20,0x00000000ec100000)
  to   space 1536K, 0% used [0x00000000ebe00000,0x00000000ebe00000,0x00000000ebf80000)
 ParOldGen       total 68608K, used 30871K [0x00000000c0000000, 0x00000000c4300000, 0x00000000eab00000)
  object space 68608K, 44% used [0x00000000c0000000,0x00000000c1e25c68,0x00000000c4300000)
 Metaspace       used 49976K, committed 50816K, reserved 1097728K
  class space    used 5395K, committed 5824K, reserved 1048576K
}
Event: 6.361 GC heap before
{Heap before GC invocations=23 (full 2):
 PSYoungGen      total 19968K, used 19606K [0x00000000eab00000, 0x00000000ec100000, 0x0000000100000000)
  eden space 18944K, 100% used [0x00000000eab00000,0x00000000ebd80000,0x00000000ebd80000)
  from space 1024K, 64% used [0x00000000ec000000,0x00000000ec0a5a20,0x00000000ec100000)
  to   space 1536K, 0% used [0x00000000ebe00000,0x00000000ebe00000,0x00000000ebf80000)
 ParOldGen       total 68608K, used 30871K [0x00000000c0000000, 0x00000000c4300000, 0x00000000eab00000)
  object space 68608K, 44% used [0x00000000c0000000,0x00000000c1e25c68,0x00000000c4300000)
 Metaspace       used 51280K, committed 52160K, reserved 1097728K
  class space    used 5519K, committed 5952K, reserved 1048576K
}
Event: 6.362 GC heap after
{Heap after GC invocations=23 (full 2):
 PSYoungGen      total 20480K, used 416K [0x00000000eab00000, 0x00000000ec080000, 0x0000000100000000)
  eden space 18944K, 0% used [0x00000000eab00000,0x00000000eab00000,0x00000000ebd80000)
  from space 1536K, 27% used [0x00000000ebe00000,0x00000000ebe68000,0x00000000ebf80000)
  to   space 1024K, 0% used [0x00000000ebf80000,0x00000000ebf80000,0x00000000ec080000)
 ParOldGen       total 68608K, used 31473K [0x00000000c0000000, 0x00000000c4300000, 0x00000000eab00000)
  object space 68608K, 45% used [0x00000000c0000000,0x00000000c1ebc430,0x00000000c4300000)
 Metaspace       used 51280K, committed 52160K, reserved 1097728K
  class space    used 5519K, committed 5952K, reserved 1048576K
}
Event: 6.484 GC heap before
{Heap before GC invocations=24 (full 2):
 PSYoungGen      total 20480K, used 19360K [0x00000000eab00000, 0x00000000ec080000, 0x0000000100000000)
  eden space 18944K, 100% used [0x00000000eab00000,0x00000000ebd80000,0x00000000ebd80000)
  from space 1536K, 27% used [0x00000000ebe00000,0x00000000ebe68000,0x00000000ebf80000)
  to   space 1024K, 0% used [0x00000000ebf80000,0x00000000ebf80000,0x00000000ec080000)
 ParOldGen       total 68608K, used 31473K [0x00000000c0000000, 0x00000000c4300000, 0x00000000eab00000)
  object space 68608K, 45% used [0x00000000c0000000,0x00000000c1ebc430,0x00000000c4300000)
 Metaspace       used 51522K, committed 52352K, reserved 1097728K
  class space    used 5537K, committed 5952K, reserved 1048576K
}
Event: 6.485 GC heap after
{Heap after GC invocations=24 (full 2):
 PSYoungGen      total 19968K, used 1018K [0x00000000eab00000, 0x00000000ec180000, 0x0000000100000000)
  eden space 18944K, 0% used [0x00000000eab00000,0x00000000eab00000,0x00000000ebd80000)
  from space 1024K, 99% used [0x00000000ebf80000,0x00000000ec07ea70,0x00000000ec080000)
  to   space 2048K, 0% used [0x00000000ebd80000,0x00000000ebd80000,0x00000000ebf80000)
 ParOldGen       total 68608K, used 32094K [0x00000000c0000000, 0x00000000c4300000, 0x00000000eab00000)
  object space 68608K, 46% used [0x00000000c0000000,0x00000000c1f57890,0x00000000c4300000)
 Metaspace       used 51522K, committed 52352K, reserved 1097728K
  class space    used 5537K, committed 5952K, reserved 1048576K
}
Event: 6.558 GC heap before
{Heap before GC invocations=25 (full 2):
 PSYoungGen      total 19968K, used 19962K [0x00000000eab00000, 0x00000000ec180000, 0x0000000100000000)
  eden space 18944K, 100% used [0x00000000eab00000,0x00000000ebd80000,0x00000000ebd80000)
  from space 1024K, 99% used [0x00000000ebf80000,0x00000000ec07ea70,0x00000000ec080000)
  to   space 2048K, 0% used [0x00000000ebd80000,0x00000000ebd80000,0x00000000ebf80000)
 ParOldGen       total 68608K, used 32094K [0x00000000c0000000, 0x00000000c4300000, 0x00000000eab00000)
  object space 68608K, 46% used [0x00000000c0000000,0x00000000c1f57890,0x00000000c4300000)
 Metaspace       used 52269K, committed 53120K, reserved 1097728K
  class space    used 5607K, committed 6016K, reserved 1048576K
}
Event: 6.559 GC heap after
{Heap after GC invocations=25 (full 2):
 PSYoungGen      total 19456K, used 128K [0x00000000eab00000, 0x00000000ec000000, 0x0000000100000000)
  eden space 18944K, 0% used [0x00000000eab00000,0x00000000eab00000,0x00000000ebd80000)
  from space 512K, 25% used [0x00000000ebd80000,0x00000000ebda0000,0x00000000ebe00000)
  to   space 1024K, 0% used [0x00000000ebf00000,0x00000000ebf00000,0x00000000ec000000)
 ParOldGen       total 68608K, used 32964K [0x00000000c0000000, 0x00000000c4300000, 0x00000000eab00000)
  object space 68608K, 48% used [0x00000000c0000000,0x00000000c20312a0,0x00000000c4300000)
 Metaspace       used 52269K, committed 53120K, reserved 1097728K
  class space    used 5607K, committed 6016K, reserved 1048576K
}

