# JRE version: OpenJDK Runtime Environment Temurin-17.0.5+8 (17.0.5+8) (build 17.0.5+8)
# Java VM: OpenJDK 64-Bit Server VM Temurin-17.0.5+8 (17.0.5+8, mixed mode, tiered, compressed oops, compressed class ptrs, parallel gc, windows-amd64)
GC Precious Log:
 CPUs: 12 total, 12 available
 Memory: 7549M
 Large Page Support: Disabled
 NUMA Support: Disabled
 Compressed Oops: Enabled (32-bit)
 Alignments: Space 512K, Generation 512K, Heap 2M
 Heap Min Capacity: 100M
 Heap Initial Capacity: 100M
 Heap Max Capacity: 1G
 Pre-touch: Disabled
 Parallel Workers: 10
Heap:
 PSYoungGen      total 20480K, used 4465K [0x00000000eab00000, 0x00000000ec300000, 0x0000000100000000)
  eden space 19968K, 19% used [0x00000000eab00000,0x00000000eaee0da0,0x00000000ebe80000)
  from space 512K, 96% used [0x00000000ec080000,0x00000000ec0fba10,0x00000000ec100000)
  to   space 2048K, 0% used [0x00000000ebe80000,0x00000000ebe80000,0x00000000ec080000)
 ParOldGen       total 68608K, used 25034K [0x00000000c0000000, 0x00000000c4300000, 0x00000000eab00000)
  object space 68608K, 36% used [0x00000000c0000000,0x00000000c1872bd8,0x00000000c4300000)
 Metaspace       used 44681K, committed 45440K, reserved 1097728K
  class space    used 4515K, committed 4864K, reserved 1048576K
GC Heap History (20 events):
Event: 4.523 GC heap before
{Heap before GC invocations=11 (full 1):
 PSYoungGen      total 26624K, used 26134K [0x00000000eab00000, 0x00000000ec880000, 0x0000000100000000)
  eden space 23040K, 100% used [0x00000000eab00000,0x00000000ec180000,0x00000000ec180000)
  from space 3584K, 86% used [0x00000000ec200000,0x00000000ec505948,0x00000000ec580000)
  to   space 3072K, 0% used [0x00000000ec580000,0x00000000ec580000,0x00000000ec880000)
 ParOldGen       total 68608K, used 10733K [0x00000000c0000000, 0x00000000c4300000, 0x00000000eab00000)
  object space 68608K, 15% used [0x00000000c0000000,0x00000000c0a7b6d0,0x00000000c4300000)
 Metaspace       used 35224K, committed 35840K, reserved 1081344K
  class space    used 3572K, committed 3840K, reserved 1048576K
}
Event: 4.527 GC heap after
{Heap after GC invocations=11 (full 1):
 PSYoungGen      total 24064K, used 3040K [0x00000000eab00000, 0x00000000ecd00000, 0x0000000100000000)
  eden space 20992K, 0% used [0x00000000eab00000,0x00000000eab00000,0x00000000ebf80000)
  from space 3072K, 98% used [0x00000000ec580000,0x00000000ec878010,0x00000000ec880000)
  to   space 6144K, 0% used [0x00000000ebf80000,0x00000000ebf80000,0x00000000ec580000)
 ParOldGen       total 68608K, used 13260K [0x00000000c0000000, 0x00000000c4300000, 0x00000000eab00000)
  object space 68608K, 19% used [0x00000000c0000000,0x00000000c0cf32b0,0x00000000c4300000)
 Metaspace       used 35224K, committed 35840K, reserved 1081344K
  class space    used 3572K, committed 3840K, reserved 1048576K
}
Event: 4.552 GC heap before
{Heap before GC invocations=12 (full 1):
 PSYoungGen      total 24064K, used 24032K [0x00000000eab00000, 0x00000000ecd00000, 0x0000000100000000)
  eden space 20992K, 100% used [0x00000000eab00000,0x00000000ebf80000,0x00000000ebf80000)
  from space 3072K, 98% used [0x00000000ec580000,0x00000000ec878010,0x00000000ec880000)
  to   space 6144K, 0% used [0x00000000ebf80000,0x00000000ebf80000,0x00000000ec580000)
 ParOldGen       total 68608K, used 13260K [0x00000000c0000000, 0x00000000c4300000, 0x00000000eab00000)
  object space 68608K, 19% used [0x00000000c0000000,0x00000000c0cf32b0,0x00000000c4300000)
 Metaspace       used 35225K, committed 35840K, reserved 1081344K
  class space    used 3572K, committed 3840K, reserved 1048576K
}
Event: 4.556 GC heap after
{Heap after GC invocations=12 (full 1):
 PSYoungGen      total 23552K, used 2336K [0x00000000eab00000, 0x00000000ec680000, 0x0000000100000000)
  eden space 20992K, 0% used [0x00000000eab00000,0x00000000eab00000,0x00000000ebf80000)
  from space 2560K, 91% used [0x00000000ebf80000,0x00000000ec1c8000,0x00000000ec200000)
  to   space 3584K, 0% used [0x00000000ec300000,0x00000000ec300000,0x00000000ec680000)
 ParOldGen       total 68608K, used 16366K [0x00000000c0000000, 0x00000000c4300000, 0x00000000eab00000)
  object space 68608K, 23% used [0x00000000c0000000,0x00000000c0ffb958,0x00000000c4300000)
 Metaspace       used 35225K, committed 35840K, reserved 1081344K
  class space    used 3572K, committed 3840K, reserved 1048576K
}
Event: 4.580 GC heap before
{Heap before GC invocations=13 (full 1):
 PSYoungGen      total 23552K, used 23328K [0x00000000eab00000, 0x00000000ec680000, 0x0000000100000000)
  eden space 20992K, 100% used [0x00000000eab00000,0x00000000ebf80000,0x00000000ebf80000)
  from space 2560K, 91% used [0x00000000ebf80000,0x00000000ec1c8000,0x00000000ec200000)
  to   space 3584K, 0% used [0x00000000ec300000,0x00000000ec300000,0x00000000ec680000)
 ParOldGen       total 68608K, used 16366K [0x00000000c0000000, 0x00000000c4300000, 0x00000000eab00000)
  object space 68608K, 23% used [0x00000000c0000000,0x00000000c0ffb958,0x00000000c4300000)
 Metaspace       used 35225K, committed 35840K, reserved 1081344K
  class space    used 3572K, committed 3840K, reserved 1048576K
}
Event: 4.583 GC heap after
{Heap after GC invocations=13 (full 1):
 PSYoungGen      total 24064K, used 2688K [0x00000000eab00000, 0x00000000ec600000, 0x0000000100000000)
  eden space 20992K, 0% used [0x00000000eab00000,0x00000000eab00000,0x00000000ebf80000)
  from space 3072K, 87% used [0x00000000ec300000,0x00000000ec5a0010,0x00000000ec600000)
  to   space 3072K, 0% used [0x00000000ec000000,0x00000000ec000000,0x00000000ec300000)
 ParOldGen       total 68608K, used 18598K [0x00000000c0000000, 0x00000000c4300000, 0x00000000eab00000)
  object space 68608K, 27% used [0x00000000c0000000,0x00000000c1229958,0x00000000c4300000)
 Metaspace       used 35225K, committed 35840K, reserved 1081344K
  class space    used 3572K, committed 3840K, reserved 1048576K
}
Event: 4.602 GC heap before
{Heap before GC invocations=14 (full 1):
 PSYoungGen      total 24064K, used 16566K [0x00000000eab00000, 0x00000000ec600000, 0x0000000100000000)
  eden space 20992K, 66% used [0x00000000eab00000,0x00000000eb88d918,0x00000000ebf80000)
  from space 3072K, 87% used [0x00000000ec300000,0x00000000ec5a0010,0x00000000ec600000)
  to   space 3072K, 0% used [0x00000000ec000000,0x00000000ec000000,0x00000000ec300000)
 ParOldGen       total 68608K, used 18598K [0x00000000c0000000, 0x00000000c4300000, 0x00000000eab00000)
  object space 68608K, 27% used [0x00000000c0000000,0x00000000c1229958,0x00000000c4300000)
 Metaspace       used 35235K, committed 35840K, reserved 1081344K
  class space    used 3575K, committed 3840K, reserved 1048576K
}
Event: 4.605 GC heap after
{Heap after GC invocations=14 (full 1):
 PSYoungGen      total 22528K, used 1408K [0x00000000eab00000, 0x00000000ec380000, 0x0000000100000000)
  eden space 20992K, 0% used [0x00000000eab00000,0x00000000eab00000,0x00000000ebf80000)
  from space 1536K, 91% used [0x00000000ec000000,0x00000000ec160000,0x00000000ec180000)
  to   space 2048K, 0% used [0x00000000ec180000,0x00000000ec180000,0x00000000ec380000)
 ParOldGen       total 68608K, used 21134K [0x00000000c0000000, 0x00000000c4300000, 0x00000000eab00000)
  object space 68608K, 30% used [0x00000000c0000000,0x00000000c14a3968,0x00000000c4300000)
 Metaspace       used 35235K, committed 35840K, reserved 1081344K
  class space    used 3575K, committed 3840K, reserved 1048576K
}
Event: 4.605 GC heap before
{Heap before GC invocations=15 (full 2):
 PSYoungGen      total 22528K, used 1408K [0x00000000eab00000, 0x00000000ec380000, 0x0000000100000000)
  eden space 20992K, 0% used [0x00000000eab00000,0x00000000eab00000,0x00000000ebf80000)
  from space 1536K, 91% used [0x00000000ec000000,0x00000000ec160000,0x00000000ec180000)
  to   space 2048K, 0% used [0x00000000ec180000,0x00000000ec180000,0x00000000ec380000)
 ParOldGen       total 68608K, used 21134K [0x00000000c0000000, 0x00000000c4300000, 0x00000000eab00000)
  object space 68608K, 30% used [0x00000000c0000000,0x00000000c14a3968,0x00000000c4300000)
 Metaspace       used 35235K, committed 35840K, reserved 1081344K
  class space    used 3575K, committed 3840K, reserved 1048576K
}
Event: 4.628 GC heap after
{Heap after GC invocations=15 (full 2):
 PSYoungGen      total 22528K, used 0K [0x00000000eab00000, 0x00000000ec380000, 0x0000000100000000)
  eden space 20992K, 0% used [0x00000000eab00000,0x00000000eab00000,0x00000000ebf80000)
  from space 1536K, 0% used [0x00000000ec000000,0x00000000ec000000,0x00000000ec180000)
  to   space 2048K, 0% used [0x00000000ec180000,0x00000000ec180000,0x00000000ec380000)
 ParOldGen       total 68608K, used 21763K [0x00000000c0000000, 0x00000000c4300000, 0x00000000eab00000)
  object space 68608K, 31% used [0x00000000c0000000,0x00000000c1540d98,0x00000000c4300000)
 Metaspace       used 35235K, committed 35840K, reserved 1081344K
  class space    used 3575K, committed 3840K, reserved 1048576K
}
Event: 4.882 GC heap before
{Heap before GC invocations=16 (full 2):
 PSYoungGen      total 22528K, used 20964K [0x00000000eab00000, 0x00000000ec380000, 0x0000000100000000)
  eden space 20992K, 99% used [0x00000000eab00000,0x00000000ebf79310,0x00000000ebf80000)
  from space 1536K, 0% used [0x00000000ec000000,0x00000000ec000000,0x00000000ec180000)
  to   space 2048K, 0% used [0x00000000ec180000,0x00000000ec180000,0x00000000ec380000)
 ParOldGen       total 68608K, used 21763K [0x00000000c0000000, 0x00000000c4300000, 0x00000000eab00000)
  object space 68608K, 31% used [0x00000000c0000000,0x00000000c1540d98,0x00000000c4300000)
 Metaspace       used 37599K, committed 38272K, reserved 1089536K
  class space    used 3865K, committed 4160K, reserved 1048576K
}
Event: 4.884 GC heap after
{Heap after GC invocations=16 (full 2):
 PSYoungGen      total 22528K, used 2039K [0x00000000eab00000, 0x00000000ec480000, 0x0000000100000000)
  eden space 20480K, 0% used [0x00000000eab00000,0x00000000eab00000,0x00000000ebf00000)
  from space 2048K, 99% used [0x00000000ec180000,0x00000000ec37dd40,0x00000000ec380000)
  to   space 2560K, 0% used [0x00000000ebf00000,0x00000000ebf00000,0x00000000ec180000)
 ParOldGen       total 68608K, used 21771K [0x00000000c0000000, 0x00000000c4300000, 0x00000000eab00000)
  object space 68608K, 31% used [0x00000000c0000000,0x00000000c1542d98,0x00000000c4300000)
 Metaspace       used 37599K, committed 38272K, reserved 1089536K
  class space    used 3865K, committed 4160K, reserved 1048576K
}
Event: 5.210 GC heap before
{Heap before GC invocations=17 (full 2):
 PSYoungGen      total 22528K, used 22518K [0x00000000eab00000, 0x00000000ec480000, 0x0000000100000000)
  eden space 20480K, 99% used [0x00000000eab00000,0x00000000ebeffca0,0x00000000ebf00000)
  from space 2048K, 99% used [0x00000000ec180000,0x00000000ec37dd40,0x00000000ec380000)
  to   space 2560K, 0% used [0x00000000ebf00000,0x00000000ebf00000,0x00000000ec180000)
 ParOldGen       total 68608K, used 21771K [0x00000000c0000000, 0x00000000c4300000, 0x00000000eab00000)
  object space 68608K, 31% used [0x00000000c0000000,0x00000000c1542d98,0x00000000c4300000)
 Metaspace       used 38630K, committed 39296K, reserved 1089536K
  class space    used 3992K, committed 4288K, reserved 1048576K
}
Event: 5.211 GC heap after
{Heap after GC invocations=17 (full 2):
 PSYoungGen      total 21504K, used 512K [0x00000000eab00000, 0x00000000ec200000, 0x0000000100000000)
  eden space 20480K, 0% used [0x00000000eab00000,0x00000000eab00000,0x00000000ebf00000)
  from space 1024K, 50% used [0x00000000ebf00000,0x00000000ebf80010,0x00000000ec000000)
  to   space 1536K, 0% used [0x00000000ec080000,0x00000000ec080000,0x00000000ec200000)
 ParOldGen       total 68608K, used 23638K [0x00000000c0000000, 0x00000000c4300000, 0x00000000eab00000)
  object space 68608K, 34% used [0x00000000c0000000,0x00000000c1715970,0x00000000c4300000)
 Metaspace       used 38630K, committed 39296K, reserved 1089536K
  class space    used 3992K, committed 4288K, reserved 1048576K
}
Event: 5.329 GC heap before
{Heap before GC invocations=18 (full 2):
 PSYoungGen      total 21504K, used 20992K [0x00000000eab00000, 0x00000000ec200000, 0x0000000100000000)
  eden space 20480K, 100% used [0x00000000eab00000,0x00000000ebf00000,0x00000000ebf00000)
  from space 1024K, 50% used [0x00000000ebf00000,0x00000000ebf80010,0x00000000ec000000)
  to   space 1536K, 0% used [0x00000000ec080000,0x00000000ec080000,0x00000000ec200000)
 ParOldGen       total 68608K, used 23638K [0x00000000c0000000, 0x00000000c4300000, 0x00000000eab00000)
  object space 68608K, 34% used [0x00000000c0000000,0x00000000c1715970,0x00000000c4300000)
 Metaspace       used 39278K, committed 40000K, reserved 1089536K
  class space    used 4033K, committed 4352K, reserved 1048576K
}
Event: 5.331 GC heap after
{Heap after GC invocations=18 (full 2):
 PSYoungGen      total 21504K, used 813K [0x00000000eab00000, 0x00000000ec180000, 0x0000000100000000)
  eden space 20480K, 0% used [0x00000000eab00000,0x00000000eab00000,0x00000000ebf00000)
  from space 1024K, 79% used [0x00000000ec080000,0x00000000ec14b4c0,0x00000000ec180000)
  to   space 1024K, 0% used [0x00000000ebf00000,0x00000000ebf00000,0x00000000ec000000)
 ParOldGen       total 68608K, used 23910K [0x00000000c0000000, 0x00000000c4300000, 0x00000000eab00000)
  object space 68608K, 34% used [0x00000000c0000000,0x00000000c1759970,0x00000000c4300000)
 Metaspace       used 39278K, committed 40000K, reserved 1089536K
  class space    used 4033K, committed 4352K, reserved 1048576K
}
Event: 5.435 GC heap before
{Heap before GC invocations=19 (full 2):
 PSYoungGen      total 21504K, used 21293K [0x00000000eab00000, 0x00000000ec180000, 0x0000000100000000)
  eden space 20480K, 100% used [0x00000000eab00000,0x00000000ebf00000,0x00000000ebf00000)
  from space 1024K, 79% used [0x00000000ec080000,0x00000000ec14b4c0,0x00000000ec180000)
  to   space 1024K, 0% used [0x00000000ebf00000,0x00000000ebf00000,0x00000000ec000000)
 ParOldGen       total 68608K, used 23910K [0x00000000c0000000, 0x00000000c4300000, 0x00000000eab00000)
  object space 68608K, 34% used [0x00000000c0000000,0x00000000c1759970,0x00000000c4300000)
 Metaspace       used 40465K, committed 41216K, reserved 1089536K
  class space    used 4140K, committed 4480K, reserved 1048576K
}
Event: 5.435 GC heap after
{Heap after GC invocations=19 (full 2):
 PSYoungGen      total 21504K, used 320K [0x00000000eab00000, 0x00000000ec100000, 0x0000000100000000)
  eden space 20480K, 0% used [0x00000000eab00000,0x00000000eab00000,0x00000000ebf00000)
  from space 1024K, 31% used [0x00000000ebf00000,0x00000000ebf50000,0x00000000ec000000)
  to   space 512K, 0% used [0x00000000ec080000,0x00000000ec080000,0x00000000ec100000)
 ParOldGen       total 68608K, used 24038K [0x00000000c0000000, 0x00000000c4300000, 0x00000000eab00000)
  object space 68608K, 35% used [0x00000000c0000000,0x00000000c1779970,0x00000000c4300000)
 Metaspace       used 40465K, committed 41216K, reserved 1089536K
  class space    used 4140K, committed 4480K, reserved 1048576K
}
Event: 6.258 GC heap before
{Heap before GC invocations=20 (full 2):
 PSYoungGen      total 21504K, used 20800K [0x00000000eab00000, 0x00000000ec100000, 0x0000000100000000)
  eden space 20480K, 100% used [0x00000000eab00000,0x00000000ebf00000,0x00000000ebf00000)
  from space 1024K, 31% used [0x00000000ebf00000,0x00000000ebf50000,0x00000000ec000000)
  to   space 512K, 0% used [0x00000000ec080000,0x00000000ec080000,0x00000000ec100000)
 ParOldGen       total 68608K, used 24038K [0x00000000c0000000, 0x00000000c4300000, 0x00000000eab00000)
  object space 68608K, 35% used [0x00000000c0000000,0x00000000c1779970,0x00000000c4300000)
 Metaspace       used 44406K, committed 45120K, reserved 1089536K
  class space    used 4495K, committed 4800K, reserved 1048576K
}
Event: 6.259 GC heap after
{Heap after GC invocations=20 (full 2):
 PSYoungGen      total 20480K, used 494K [0x00000000eab00000, 0x00000000ec300000, 0x0000000100000000)
  eden space 19968K, 0% used [0x00000000eab00000,0x00000000eab00000,0x00000000ebe80000)
  from space 512K, 96% used [0x00000000ec080000,0x00000000ec0fba10,0x00000000ec100000)
  to   space 2048K, 0% used [0x00000000ebe80000,0x00000000ebe80000,0x00000000ec080000)
 ParOldGen       total 68608K, used 25034K [0x00000000c0000000, 0x00000000c4300000, 0x00000000eab00000)
  object space 68608K, 36% used [0x00000000c0000000,0x00000000c1872bd8,0x00000000c4300000)
 Metaspace       used 44406K, committed 45120K, reserved 1089536K
  class space    used 4495K, committed 4800K, reserved 1048576K
}

