# JRE version: OpenJDK Runtime Environment Temurin-17.0.5+8 (17.0.5+8) (build 17.0.5+8)
# Java VM: OpenJDK 64-Bit Server VM Temurin-17.0.5+8 (17.0.5+8, mixed mode, tiered, compressed oops, compressed class ptrs, parallel gc, windows-amd64)
GC Precious Log:
 CPUs: 12 total, 12 available
 Memory: 7549M
 Large Page Support: Disabled
 NUMA Support: Disabled
 Compressed Oops: Enabled (32-bit)
 Alignments: Space 512K, Generation 512K, Heap 2M
 Heap Min Capacity: 100M
 Heap Initial Capacity: 100M
 Heap Max Capacity: 1G
 Pre-touch: Disabled
 Parallel Workers: 10
Heap:
 PSYoungGen      total 18944K, used 3419K [0x00000000eab00000, 0x00000000ebf00000, 0x0000000100000000)
  eden space 17408K, 13% used [0x00000000eab00000,0x00000000ead3d170,0x00000000ebc00000)
  from space 1536K, 73% used [0x00000000ebd80000,0x00000000ebe99c80,0x00000000ebf00000)
  to   space 1536K, 0% used [0x00000000ebc00000,0x00000000ebc00000,0x00000000ebd80000)
 ParOldGen       total 68608K, used 32642K [0x00000000c0000000, 0x00000000c4300000, 0x00000000eab00000)
  object space 68608K, 47% used [0x00000000c0000000,0x00000000c1fe0ba8,0x00000000c4300000)
 Metaspace       used 49497K, committed 50240K, reserved 1097728K
  class space    used 5017K, committed 5376K, reserved 1048576K
GC Heap History (20 events):
Event: 5.208 GC heap before
{Heap before GC invocations=17 (full 2):
 PSYoungGen      total 22016K, used 21982K [0x00000000eab00000, 0x00000000ec300000, 0x0000000100000000)
  eden space 20480K, 99% used [0x00000000eab00000,0x00000000ebefc828,0x00000000ebf00000)
  from space 1536K, 98% used [0x00000000ec180000,0x00000000ec2fb380,0x00000000ec300000)
  to   space 2048K, 0% used [0x00000000ebf00000,0x00000000ebf00000,0x00000000ec100000)
 ParOldGen       total 68608K, used 22104K [0x00000000c0000000, 0x00000000c4300000, 0x00000000eab00000)
  object space 68608K, 32% used [0x00000000c0000000,0x00000000c1596398,0x00000000c4300000)
 Metaspace       used 38664K, committed 39360K, reserved 1089536K
  class space    used 3990K, committed 4288K, reserved 1048576K
}
Event: 5.210 GC heap after
{Heap after GC invocations=17 (full 2):
 PSYoungGen      total 22528K, used 416K [0x00000000eab00000, 0x00000000ec200000, 0x0000000100000000)
  eden space 20480K, 0% used [0x00000000eab00000,0x00000000eab00000,0x00000000ebf00000)
  from space 2048K, 20% used [0x00000000ebf00000,0x00000000ebf68000,0x00000000ec100000)
  to   space 1024K, 0% used [0x00000000ec100000,0x00000000ec100000,0x00000000ec200000)
 ParOldGen       total 68608K, used 23628K [0x00000000c0000000, 0x00000000c4300000, 0x00000000eab00000)
  object space 68608K, 34% used [0x00000000c0000000,0x00000000c17132c8,0x00000000c4300000)
 Metaspace       used 38664K, committed 39360K, reserved 1089536K
  class space    used 3990K, committed 4288K, reserved 1048576K
}
Event: 5.344 GC heap before
{Heap before GC invocations=18 (full 2):
 PSYoungGen      total 22528K, used 20896K [0x00000000eab00000, 0x00000000ec200000, 0x0000000100000000)
  eden space 20480K, 100% used [0x00000000eab00000,0x00000000ebf00000,0x00000000ebf00000)
  from space 2048K, 20% used [0x00000000ebf00000,0x00000000ebf68000,0x00000000ec100000)
  to   space 1024K, 0% used [0x00000000ec100000,0x00000000ec100000,0x00000000ec200000)
 ParOldGen       total 68608K, used 23628K [0x00000000c0000000, 0x00000000c4300000, 0x00000000eab00000)
  object space 68608K, 34% used [0x00000000c0000000,0x00000000c17132c8,0x00000000c4300000)
 Metaspace       used 39291K, committed 39936K, reserved 1089536K
  class space    used 4025K, committed 4288K, reserved 1048576K
}
Event: 5.345 GC heap after
{Heap after GC invocations=18 (full 2):
 PSYoungGen      total 21504K, used 972K [0x00000000eab00000, 0x00000000ec200000, 0x0000000100000000)
  eden space 20480K, 0% used [0x00000000eab00000,0x00000000eab00000,0x00000000ebf00000)
  from space 1024K, 95% used [0x00000000ec100000,0x00000000ec1f3390,0x00000000ec200000)
  to   space 1536K, 0% used [0x00000000ebf00000,0x00000000ebf00000,0x00000000ec080000)
 ParOldGen       total 68608K, used 23900K [0x00000000c0000000, 0x00000000c4300000, 0x00000000eab00000)
  object space 68608K, 34% used [0x00000000c0000000,0x00000000c17572c8,0x00000000c4300000)
 Metaspace       used 39291K, committed 39936K, reserved 1089536K
  class space    used 4025K, committed 4288K, reserved 1048576K
}
Event: 5.472 GC heap before
{Heap before GC invocations=19 (full 2):
 PSYoungGen      total 21504K, used 21452K [0x00000000eab00000, 0x00000000ec200000, 0x0000000100000000)
  eden space 20480K, 100% used [0x00000000eab00000,0x00000000ebf00000,0x00000000ebf00000)
  from space 1024K, 95% used [0x00000000ec100000,0x00000000ec1f3390,0x00000000ec200000)
  to   space 1536K, 0% used [0x00000000ebf00000,0x00000000ebf00000,0x00000000ec080000)
 ParOldGen       total 68608K, used 23900K [0x00000000c0000000, 0x00000000c4300000, 0x00000000eab00000)
  object space 68608K, 34% used [0x00000000c0000000,0x00000000c17572c8,0x00000000c4300000)
 Metaspace       used 40412K, committed 41088K, reserved 1089536K
  class space    used 4131K, committed 4416K, reserved 1048576K
}
Event: 5.473 GC heap after
{Heap after GC invocations=19 (full 2):
 PSYoungGen      total 22016K, used 288K [0x00000000eab00000, 0x00000000ec180000, 0x0000000100000000)
  eden space 20480K, 0% used [0x00000000eab00000,0x00000000eab00000,0x00000000ebf00000)
  from space 1536K, 18% used [0x00000000ebf00000,0x00000000ebf48000,0x00000000ec080000)
  to   space 1024K, 0% used [0x00000000ec080000,0x00000000ec080000,0x00000000ec180000)
 ParOldGen       total 68608K, used 24020K [0x00000000c0000000, 0x00000000c4300000, 0x00000000eab00000)
  object space 68608K, 35% used [0x00000000c0000000,0x00000000c17752c8,0x00000000c4300000)
 Metaspace       used 40412K, committed 41088K, reserved 1089536K
  class space    used 4131K, committed 4416K, reserved 1048576K
}
Event: 6.419 GC heap before
{Heap before GC invocations=20 (full 2):
 PSYoungGen      total 22016K, used 20768K [0x00000000eab00000, 0x00000000ec180000, 0x0000000100000000)
  eden space 20480K, 100% used [0x00000000eab00000,0x00000000ebf00000,0x00000000ebf00000)
  from space 1536K, 18% used [0x00000000ebf00000,0x00000000ebf48000,0x00000000ec080000)
  to   space 1024K, 0% used [0x00000000ec080000,0x00000000ec080000,0x00000000ec180000)
 ParOldGen       total 68608K, used 24020K [0x00000000c0000000, 0x00000000c4300000, 0x00000000eab00000)
  object space 68608K, 35% used [0x00000000c0000000,0x00000000c17752c8,0x00000000c4300000)
 Metaspace       used 44230K, committed 44928K, reserved 1097728K
  class space    used 4469K, committed 4800K, reserved 1048576K
}
Event: 6.421 GC heap after
{Heap after GC invocations=20 (full 2):
 PSYoungGen      total 20992K, used 999K [0x00000000eab00000, 0x00000000ec300000, 0x0000000100000000)
  eden space 19968K, 0% used [0x00000000eab00000,0x00000000eab00000,0x00000000ebe80000)
  from space 1024K, 97% used [0x00000000ec080000,0x00000000ec179f40,0x00000000ec180000)
  to   space 2048K, 0% used [0x00000000ebe80000,0x00000000ebe80000,0x00000000ec080000)
 ParOldGen       total 68608K, used 24627K [0x00000000c0000000, 0x00000000c4300000, 0x00000000eab00000)
  object space 68608K, 35% used [0x00000000c0000000,0x00000000c180cf40,0x00000000c4300000)
 Metaspace       used 44230K, committed 44928K, reserved 1097728K
  class space    used 4469K, committed 4800K, reserved 1048576K
}
Event: 155.998 GC heap before
{Heap before GC invocations=21 (full 2):
 PSYoungGen      total 20992K, used 20967K [0x00000000eab00000, 0x00000000ec300000, 0x0000000100000000)
  eden space 19968K, 100% used [0x00000000eab00000,0x00000000ebe80000,0x00000000ebe80000)
  from space 1024K, 97% used [0x00000000ec080000,0x00000000ec179f40,0x00000000ec180000)
  to   space 2048K, 0% used [0x00000000ebe80000,0x00000000ebe80000,0x00000000ec080000)
 ParOldGen       total 68608K, used 24627K [0x00000000c0000000, 0x00000000c4300000, 0x00000000eab00000)
  object space 68608K, 35% used [0x00000000c0000000,0x00000000c180cf40,0x00000000c4300000)
 Metaspace       used 45451K, committed 46144K, reserved 1097728K
  class space    used 4566K, committed 4864K, reserved 1048576K
}
Event: 156.005 GC heap after
{Heap after GC invocations=21 (full 2):
 PSYoungGen      total 20992K, used 864K [0x00000000eab00000, 0x00000000ec180000, 0x0000000100000000)
  eden space 19968K, 0% used [0x00000000eab00000,0x00000000eab00000,0x00000000ebe80000)
  from space 1024K, 84% used [0x00000000ebe80000,0x00000000ebf58000,0x00000000ebf80000)
  to   space 1536K, 0% used [0x00000000ec000000,0x00000000ec000000,0x00000000ec180000)
 ParOldGen       total 68608K, used 25628K [0x00000000c0000000, 0x00000000c4300000, 0x00000000eab00000)
  object space 68608K, 37% used [0x00000000c0000000,0x00000000c1907060,0x00000000c4300000)
 Metaspace       used 45451K, committed 46144K, reserved 1097728K
  class space    used 4566K, committed 4864K, reserved 1048576K
}
Event: 161.590 GC heap before
{Heap before GC invocations=22 (full 2):
 PSYoungGen      total 20992K, used 20830K [0x00000000eab00000, 0x00000000ec180000, 0x0000000100000000)
  eden space 19968K, 99% used [0x00000000eab00000,0x00000000ebe7fa30,0x00000000ebe80000)
  from space 1024K, 84% used [0x00000000ebe80000,0x00000000ebf58000,0x00000000ebf80000)
  to   space 1536K, 0% used [0x00000000ec000000,0x00000000ec000000,0x00000000ec180000)
 ParOldGen       total 68608K, used 25628K [0x00000000c0000000, 0x00000000c4300000, 0x00000000eab00000)
  object space 68608K, 37% used [0x00000000c0000000,0x00000000c1907060,0x00000000c4300000)
 Metaspace       used 46206K, committed 46912K, reserved 1097728K
  class space    used 4660K, committed 4992K, reserved 1048576K
}
Event: 161.593 GC heap after
{Heap after GC invocations=22 (full 2):
 PSYoungGen      total 18944K, used 1526K [0x00000000eab00000, 0x00000000ec680000, 0x0000000100000000)
  eden space 17408K, 0% used [0x00000000eab00000,0x00000000eab00000,0x00000000ebc00000)
  from space 1536K, 99% used [0x00000000ec000000,0x00000000ec17d8e8,0x00000000ec180000)
  to   space 4096K, 0% used [0x00000000ebc00000,0x00000000ebc00000,0x00000000ec000000)
 ParOldGen       total 68608K, used 27623K [0x00000000c0000000, 0x00000000c4300000, 0x00000000eab00000)
  object space 68608K, 40% used [0x00000000c0000000,0x00000000c1af9d30,0x00000000c4300000)
 Metaspace       used 46206K, committed 46912K, reserved 1097728K
  class space    used 4660K, committed 4992K, reserved 1048576K
}
Event: 161.741 GC heap before
{Heap before GC invocations=23 (full 2):
 PSYoungGen      total 18944K, used 18117K [0x00000000eab00000, 0x00000000ec680000, 0x0000000100000000)
  eden space 17408K, 95% used [0x00000000eab00000,0x00000000ebb33b20,0x00000000ebc00000)
  from space 1536K, 99% used [0x00000000ec000000,0x00000000ec17d8e8,0x00000000ec180000)
  to   space 4096K, 0% used [0x00000000ebc00000,0x00000000ebc00000,0x00000000ec000000)
 ParOldGen       total 68608K, used 27623K [0x00000000c0000000, 0x00000000c4300000, 0x00000000eab00000)
  object space 68608K, 40% used [0x00000000c0000000,0x00000000c1af9d30,0x00000000c4300000)
 Metaspace       used 47188K, committed 47936K, reserved 1097728K
  class space    used 4753K, committed 5056K, reserved 1048576K
}
Event: 161.745 GC heap after
{Heap after GC invocations=23 (full 2):
 PSYoungGen      total 18432K, used 762K [0x00000000eab00000, 0x00000000ec080000, 0x0000000100000000)
  eden space 17408K, 0% used [0x00000000eab00000,0x00000000eab00000,0x00000000ebc00000)
  from space 1024K, 74% used [0x00000000ebc00000,0x00000000ebcbeb78,0x00000000ebd00000)
  to   space 2048K, 0% used [0x00000000ebe80000,0x00000000ebe80000,0x00000000ec080000)
 ParOldGen       total 68608K, used 29320K [0x00000000c0000000, 0x00000000c4300000, 0x00000000eab00000)
  object space 68608K, 42% used [0x00000000c0000000,0x00000000c1ca2160,0x00000000c4300000)
 Metaspace       used 47188K, committed 47936K, reserved 1097728K
  class space    used 4753K, committed 5056K, reserved 1048576K
}
Event: 161.800 GC heap before
{Heap before GC invocations=24 (full 2):
 PSYoungGen      total 18432K, used 18170K [0x00000000eab00000, 0x00000000ec080000, 0x0000000100000000)
  eden space 17408K, 100% used [0x00000000eab00000,0x00000000ebc00000,0x00000000ebc00000)
  from space 1024K, 74% used [0x00000000ebc00000,0x00000000ebcbeb78,0x00000000ebd00000)
  to   space 2048K, 0% used [0x00000000ebe80000,0x00000000ebe80000,0x00000000ec080000)
 ParOldGen       total 68608K, used 29320K [0x00000000c0000000, 0x00000000c4300000, 0x00000000eab00000)
  object space 68608K, 42% used [0x00000000c0000000,0x00000000c1ca2160,0x00000000c4300000)
 Metaspace       used 47640K, committed 48320K, reserved 1097728K
  class space    used 4805K, committed 5120K, reserved 1048576K
}
Event: 161.803 GC heap after
{Heap after GC invocations=24 (full 2):
 PSYoungGen      total 19456K, used 2008K [0x00000000eab00000, 0x00000000ec100000, 0x0000000100000000)
  eden space 17408K, 0% used [0x00000000eab00000,0x00000000eab00000,0x00000000ebc00000)
  from space 2048K, 98% used [0x00000000ebe80000,0x00000000ec0762e8,0x00000000ec080000)
  to   space 2560K, 0% used [0x00000000ebc00000,0x00000000ebc00000,0x00000000ebe80000)
 ParOldGen       total 68608K, used 29914K [0x00000000c0000000, 0x00000000c4300000, 0x00000000eab00000)
  object space 68608K, 43% used [0x00000000c0000000,0x00000000c1d36b58,0x00000000c4300000)
 Metaspace       used 47640K, committed 48320K, reserved 1097728K
  class space    used 4805K, committed 5120K, reserved 1048576K
}
Event: 161.866 GC heap before
{Heap before GC invocations=25 (full 2):
 PSYoungGen      total 19456K, used 19302K [0x00000000eab00000, 0x00000000ec100000, 0x0000000100000000)
  eden space 17408K, 99% used [0x00000000eab00000,0x00000000ebbe3878,0x00000000ebc00000)
  from space 2048K, 98% used [0x00000000ebe80000,0x00000000ec0762e8,0x00000000ec080000)
  to   space 2560K, 0% used [0x00000000ebc00000,0x00000000ebc00000,0x00000000ebe80000)
 ParOldGen       total 68608K, used 29914K [0x00000000c0000000, 0x00000000c4300000, 0x00000000eab00000)
  object space 68608K, 43% used [0x00000000c0000000,0x00000000c1d36b58,0x00000000c4300000)
 Metaspace       used 48140K, committed 48832K, reserved 1097728K
  class space    used 4859K, committed 5120K, reserved 1048576K
}
Event: 161.868 GC heap after
{Heap after GC invocations=25 (full 2):
 PSYoungGen      total 18944K, used 1109K [0x00000000eab00000, 0x00000000ebf00000, 0x0000000100000000)
  eden space 17408K, 0% used [0x00000000eab00000,0x00000000eab00000,0x00000000ebc00000)
  from space 1536K, 72% used [0x00000000ebc00000,0x00000000ebd156d8,0x00000000ebd80000)
  to   space 1536K, 0% used [0x00000000ebd80000,0x00000000ebd80000,0x00000000ebf00000)
 ParOldGen       total 68608K, used 31725K [0x00000000c0000000, 0x00000000c4300000, 0x00000000eab00000)
  object space 68608K, 46% used [0x00000000c0000000,0x00000000c1efb5d0,0x00000000c4300000)
 Metaspace       used 48140K, committed 48832K, reserved 1097728K
  class space    used 4859K, committed 5120K, reserved 1048576K
}
Event: 162.105 GC heap before
{Heap before GC invocations=26 (full 2):
 PSYoungGen      total 18944K, used 18517K [0x00000000eab00000, 0x00000000ebf00000, 0x0000000100000000)
  eden space 17408K, 100% used [0x00000000eab00000,0x00000000ebc00000,0x00000000ebc00000)
  from space 1536K, 72% used [0x00000000ebc00000,0x00000000ebd156d8,0x00000000ebd80000)
  to   space 1536K, 0% used [0x00000000ebd80000,0x00000000ebd80000,0x00000000ebf00000)
 ParOldGen       total 68608K, used 31725K [0x00000000c0000000, 0x00000000c4300000, 0x00000000eab00000)
  object space 68608K, 46% used [0x00000000c0000000,0x00000000c1efb5d0,0x00000000c4300000)
 Metaspace       used 49104K, committed 49856K, reserved 1097728K
  class space    used 4983K, committed 5312K, reserved 1048576K
}
Event: 162.106 GC heap after
{Heap after GC invocations=26 (full 2):
 PSYoungGen      total 18944K, used 1127K [0x00000000eab00000, 0x00000000ebf00000, 0x0000000100000000)
  eden space 17408K, 0% used [0x00000000eab00000,0x00000000eab00000,0x00000000ebc00000)
  from space 1536K, 73% used [0x00000000ebd80000,0x00000000ebe99c80,0x00000000ebf00000)
  to   space 1536K, 0% used [0x00000000ebc00000,0x00000000ebc00000,0x00000000ebd80000)
 ParOldGen       total 68608K, used 32642K [0x00000000c0000000, 0x00000000c4300000, 0x00000000eab00000)
  object space 68608K, 47% used [0x00000000c0000000,0x00000000c1fe0ba8,0x00000000c4300000)
 Metaspace       used 49104K, committed 49856K, reserved 1097728K
  class space    used 4983K, committed 5312K, reserved 1048576K
}

