# JRE version: OpenJDK Runtime Environment Temurin-17.0.5+8 (17.0.5+8) (build 17.0.5+8)
# Java VM: OpenJDK 64-Bit Server VM Temurin-17.0.5+8 (17.0.5+8, mixed mode, tiered, compressed oops, compressed class ptrs, parallel gc, windows-amd64)
GC Precious Log:
 CPUs: 12 total, 12 available
 Memory: 7549M
 Large Page Support: Disabled
 NUMA Support: Disabled
 Compressed Oops: Enabled (32-bit)
 Alignments: Space 512K, Generation 512K, Heap 2M
 Heap Min Capacity: 100M
 Heap Initial Capacity: 100M
 Heap Max Capacity: 1G
 Pre-touch: Disabled
 Parallel Workers: 10
Heap:
 PSYoungGen      total 22528K, used 14415K [0x00000000eab00000, 0x00000000ec300000, 0x0000000100000000)
  eden space 22016K, 63% used [0x00000000eab00000,0x00000000eb8bca28,0x00000000ec080000)
  from space 512K, 68% used [0x00000000ec280000,0x00000000ec2d73b8,0x00000000ec300000)
  to   space 1024K, 0% used [0x00000000ec100000,0x00000000ec100000,0x00000000ec200000)
 ParOldGen       total 68608K, used 24846K [0x00000000c0000000, 0x00000000c4300000, 0x00000000eab00000)
  object space 68608K, 36% used [0x00000000c0000000,0x00000000c1843be0,0x00000000c4300000)
 Metaspace       used 40808K, committed 41408K, reserved 1089536K
  class space    used 4183K, committed 4480K, reserved 1048576K
GC Heap History (20 events):
Event: 5.845 GC heap before
{Heap before GC invocations=9 (full 1):
 PSYoungGen      total 25600K, used 25579K [0x00000000eab00000, 0x00000000ec780000, 0x0000000100000000)
  eden space 24064K, 100% used [0x00000000eab00000,0x00000000ec280000,0x00000000ec280000)
  from space 1536K, 98% used [0x00000000ec500000,0x00000000ec67ac58,0x00000000ec680000)
  to   space 1024K, 0% used [0x00000000ec680000,0x00000000ec680000,0x00000000ec780000)
 ParOldGen       total 68608K, used 8212K [0x00000000c0000000, 0x00000000c4300000, 0x00000000eab00000)
  object space 68608K, 11% used [0x00000000c0000000,0x00000000c08053c8,0x00000000c4300000)
 Metaspace       used 35053K, committed 35648K, reserved 1081344K
  class space    used 3542K, committed 3776K, reserved 1048576K
}
Event: 5.849 GC heap after
{Heap after GC invocations=9 (full 1):
 PSYoungGen      total 24576K, used 1008K [0x00000000eab00000, 0x00000000eca00000, 0x0000000100000000)
  eden space 23552K, 0% used [0x00000000eab00000,0x00000000eab00000,0x00000000ec200000)
  from space 1024K, 98% used [0x00000000ec680000,0x00000000ec77c238,0x00000000ec780000)
  to   space 4096K, 0% used [0x00000000ec200000,0x00000000ec200000,0x00000000ec600000)
 ParOldGen       total 68608K, used 10541K [0x00000000c0000000, 0x00000000c4300000, 0x00000000eab00000)
  object space 68608K, 15% used [0x00000000c0000000,0x00000000c0a4b668,0x00000000c4300000)
 Metaspace       used 35053K, committed 35648K, reserved 1081344K
  class space    used 3542K, committed 3776K, reserved 1048576K
}
Event: 5.990 GC heap before
{Heap before GC invocations=10 (full 1):
 PSYoungGen      total 24576K, used 24560K [0x00000000eab00000, 0x00000000eca00000, 0x0000000100000000)
  eden space 23552K, 100% used [0x00000000eab00000,0x00000000ec200000,0x00000000ec200000)
  from space 1024K, 98% used [0x00000000ec680000,0x00000000ec77c238,0x00000000ec780000)
  to   space 4096K, 0% used [0x00000000ec200000,0x00000000ec200000,0x00000000ec600000)
 ParOldGen       total 68608K, used 10541K [0x00000000c0000000, 0x00000000c4300000, 0x00000000eab00000)
  object space 68608K, 15% used [0x00000000c0000000,0x00000000c0a4b668,0x00000000c4300000)
 Metaspace       used 35225K, committed 35840K, reserved 1081344K
  class space    used 3561K, committed 3840K, reserved 1048576K
}
Event: 5.992 GC heap after
{Heap after GC invocations=10 (full 1):
 PSYoungGen      total 26624K, used 3223K [0x00000000eab00000, 0x00000000ec880000, 0x0000000100000000)
  eden space 23040K, 0% used [0x00000000eab00000,0x00000000eab00000,0x00000000ec180000)
  from space 3584K, 89% used [0x00000000ec200000,0x00000000ec525d40,0x00000000ec580000)
  to   space 3072K, 0% used [0x00000000ec580000,0x00000000ec580000,0x00000000ec880000)
 ParOldGen       total 68608K, used 10797K [0x00000000c0000000, 0x00000000c4300000, 0x00000000eab00000)
  object space 68608K, 15% used [0x00000000c0000000,0x00000000c0a8b600,0x00000000c4300000)
 Metaspace       used 35225K, committed 35840K, reserved 1081344K
  class space    used 3561K, committed 3840K, reserved 1048576K
}
Event: 6.051 GC heap before
{Heap before GC invocations=11 (full 1):
 PSYoungGen      total 26624K, used 20726K [0x00000000eab00000, 0x00000000ec880000, 0x0000000100000000)
  eden space 23040K, 75% used [0x00000000eab00000,0x00000000ebc17b48,0x00000000ec180000)
  from space 3584K, 89% used [0x00000000ec200000,0x00000000ec525d40,0x00000000ec580000)
  to   space 3072K, 0% used [0x00000000ec580000,0x00000000ec580000,0x00000000ec880000)
 ParOldGen       total 68608K, used 10797K [0x00000000c0000000, 0x00000000c4300000, 0x00000000eab00000)
  object space 68608K, 15% used [0x00000000c0000000,0x00000000c0a8b600,0x00000000c4300000)
 Metaspace       used 35268K, committed 35840K, reserved 1089536K
  class space    used 3561K, committed 3840K, reserved 1048576K
}
Event: 6.054 GC heap after
{Heap after GC invocations=11 (full 1):
 PSYoungGen      total 25088K, used 3040K [0x00000000eab00000, 0x00000000ecb80000, 0x0000000100000000)
  eden space 22016K, 0% used [0x00000000eab00000,0x00000000eab00000,0x00000000ec080000)
  from space 3072K, 98% used [0x00000000ec580000,0x00000000ec878010,0x00000000ec880000)
  to   space 5120K, 0% used [0x00000000ec080000,0x00000000ec080000,0x00000000ec580000)
 ParOldGen       total 68608K, used 12498K [0x00000000c0000000, 0x00000000c4300000, 0x00000000eab00000)
  object space 68608K, 18% used [0x00000000c0000000,0x00000000c0c34be0,0x00000000c4300000)
 Metaspace       used 35268K, committed 35840K, reserved 1089536K
  class space    used 3561K, committed 3840K, reserved 1048576K
}
Event: 6.054 GC heap before
{Heap before GC invocations=12 (full 2):
 PSYoungGen      total 25088K, used 3040K [0x00000000eab00000, 0x00000000ecb80000, 0x0000000100000000)
  eden space 22016K, 0% used [0x00000000eab00000,0x00000000eab00000,0x00000000ec080000)
  from space 3072K, 98% used [0x00000000ec580000,0x00000000ec878010,0x00000000ec880000)
  to   space 5120K, 0% used [0x00000000ec080000,0x00000000ec080000,0x00000000ec580000)
 ParOldGen       total 68608K, used 12498K [0x00000000c0000000, 0x00000000c4300000, 0x00000000eab00000)
  object space 68608K, 18% used [0x00000000c0000000,0x00000000c0c34be0,0x00000000c4300000)
 Metaspace       used 35268K, committed 35840K, reserved 1089536K
  class space    used 3561K, committed 3840K, reserved 1048576K
}
Event: 6.075 GC heap after
{Heap after GC invocations=12 (full 2):
 PSYoungGen      total 25088K, used 0K [0x00000000eab00000, 0x00000000ecb80000, 0x0000000100000000)
  eden space 22016K, 0% used [0x00000000eab00000,0x00000000eab00000,0x00000000ec080000)
  from space 3072K, 0% used [0x00000000ec580000,0x00000000ec580000,0x00000000ec880000)
  to   space 5120K, 0% used [0x00000000ec080000,0x00000000ec080000,0x00000000ec580000)
 ParOldGen       total 68608K, used 15095K [0x00000000c0000000, 0x00000000c4300000, 0x00000000eab00000)
  object space 68608K, 22% used [0x00000000c0000000,0x00000000c0ebdfc8,0x00000000c4300000)
 Metaspace       used 35268K, committed 35840K, reserved 1089536K
  class space    used 3561K, committed 3840K, reserved 1048576K
}
Event: 6.117 GC heap before
{Heap before GC invocations=13 (full 2):
 PSYoungGen      total 25088K, used 22016K [0x00000000eab00000, 0x00000000ecb80000, 0x0000000100000000)
  eden space 22016K, 100% used [0x00000000eab00000,0x00000000ec080000,0x00000000ec080000)
  from space 3072K, 0% used [0x00000000ec580000,0x00000000ec580000,0x00000000ec880000)
  to   space 5120K, 0% used [0x00000000ec080000,0x00000000ec080000,0x00000000ec580000)
 ParOldGen       total 68608K, used 15095K [0x00000000c0000000, 0x00000000c4300000, 0x00000000eab00000)
  object space 68608K, 22% used [0x00000000c0000000,0x00000000c0ebdfc8,0x00000000c4300000)
 Metaspace       used 35301K, committed 35904K, reserved 1089536K
  class space    used 3573K, committed 3840K, reserved 1048576K
}
Event: 6.119 GC heap after
{Heap after GC invocations=13 (full 2):
 PSYoungGen      total 25088K, used 2848K [0x00000000eab00000, 0x00000000ec780000, 0x0000000100000000)
  eden space 22016K, 0% used [0x00000000eab00000,0x00000000eab00000,0x00000000ec080000)
  from space 3072K, 92% used [0x00000000ec080000,0x00000000ec348010,0x00000000ec380000)
  to   space 3584K, 0% used [0x00000000ec400000,0x00000000ec400000,0x00000000ec780000)
 ParOldGen       total 68608K, used 15095K [0x00000000c0000000, 0x00000000c4300000, 0x00000000eab00000)
  object space 68608K, 22% used [0x00000000c0000000,0x00000000c0ebdfc8,0x00000000c4300000)
 Metaspace       used 35301K, committed 35904K, reserved 1089536K
  class space    used 3573K, committed 3840K, reserved 1048576K
}
Event: 6.164 GC heap before
{Heap before GC invocations=14 (full 2):
 PSYoungGen      total 25088K, used 24864K [0x00000000eab00000, 0x00000000ec780000, 0x0000000100000000)
  eden space 22016K, 100% used [0x00000000eab00000,0x00000000ec080000,0x00000000ec080000)
  from space 3072K, 92% used [0x00000000ec080000,0x00000000ec348010,0x00000000ec380000)
  to   space 3584K, 0% used [0x00000000ec400000,0x00000000ec400000,0x00000000ec780000)
 ParOldGen       total 68608K, used 15095K [0x00000000c0000000, 0x00000000c4300000, 0x00000000eab00000)
  object space 68608K, 22% used [0x00000000c0000000,0x00000000c0ebdfc8,0x00000000c4300000)
 Metaspace       used 35301K, committed 35904K, reserved 1089536K
  class space    used 3573K, committed 3840K, reserved 1048576K
}
Event: 6.168 GC heap after
{Heap after GC invocations=14 (full 2):
 PSYoungGen      total 25088K, used 2784K [0x00000000eab00000, 0x00000000ec700000, 0x0000000100000000)
  eden space 22016K, 0% used [0x00000000eab00000,0x00000000eab00000,0x00000000ec080000)
  from space 3072K, 90% used [0x00000000ec400000,0x00000000ec6b8010,0x00000000ec700000)
  to   space 3072K, 0% used [0x00000000ec080000,0x00000000ec080000,0x00000000ec380000)
 ParOldGen       total 68608K, used 17831K [0x00000000c0000000, 0x00000000c4300000, 0x00000000eab00000)
  object space 68608K, 25% used [0x00000000c0000000,0x00000000c1169fd8,0x00000000c4300000)
 Metaspace       used 35301K, committed 35904K, reserved 1089536K
  class space    used 3573K, committed 3840K, reserved 1048576K
}
Event: 6.345 GC heap before
{Heap before GC invocations=15 (full 2):
 PSYoungGen      total 25088K, used 24800K [0x00000000eab00000, 0x00000000ec700000, 0x0000000100000000)
  eden space 22016K, 100% used [0x00000000eab00000,0x00000000ec080000,0x00000000ec080000)
  from space 3072K, 90% used [0x00000000ec400000,0x00000000ec6b8010,0x00000000ec700000)
  to   space 3072K, 0% used [0x00000000ec080000,0x00000000ec080000,0x00000000ec380000)
 ParOldGen       total 68608K, used 17831K [0x00000000c0000000, 0x00000000c4300000, 0x00000000eab00000)
  object space 68608K, 25% used [0x00000000c0000000,0x00000000c1169fd8,0x00000000c4300000)
 Metaspace       used 35884K, committed 36480K, reserved 1089536K
  class space    used 3645K, committed 3904K, reserved 1048576K
}
Event: 6.349 GC heap after
{Heap after GC invocations=15 (full 2):
 PSYoungGen      total 25088K, used 2980K [0x00000000eab00000, 0x00000000ec680000, 0x0000000100000000)
  eden space 22016K, 0% used [0x00000000eab00000,0x00000000eab00000,0x00000000ec080000)
  from space 3072K, 97% used [0x00000000ec080000,0x00000000ec3693d0,0x00000000ec380000)
  to   space 3072K, 0% used [0x00000000ec380000,0x00000000ec380000,0x00000000ec680000)
 ParOldGen       total 68608K, used 20503K [0x00000000c0000000, 0x00000000c4300000, 0x00000000eab00000)
  object space 68608K, 29% used [0x00000000c0000000,0x00000000c1405fe8,0x00000000c4300000)
 Metaspace       used 35884K, committed 36480K, reserved 1089536K
  class space    used 3645K, committed 3904K, reserved 1048576K
}
Event: 6.705 GC heap before
{Heap before GC invocations=16 (full 2):
 PSYoungGen      total 25088K, used 24972K [0x00000000eab00000, 0x00000000ec680000, 0x0000000100000000)
  eden space 22016K, 99% used [0x00000000eab00000,0x00000000ec079d28,0x00000000ec080000)
  from space 3072K, 97% used [0x00000000ec080000,0x00000000ec3693d0,0x00000000ec380000)
  to   space 3072K, 0% used [0x00000000ec380000,0x00000000ec380000,0x00000000ec680000)
 ParOldGen       total 68608K, used 20503K [0x00000000c0000000, 0x00000000c4300000, 0x00000000eab00000)
  object space 68608K, 29% used [0x00000000c0000000,0x00000000c1405fe8,0x00000000c4300000)
 Metaspace       used 37770K, committed 38400K, reserved 1089536K
  class space    used 3902K, committed 4160K, reserved 1048576K
}
Event: 6.707 GC heap after
{Heap after GC invocations=16 (full 2):
 PSYoungGen      total 23040K, used 726K [0x00000000eab00000, 0x00000000ec480000, 0x0000000100000000)
  eden space 22016K, 0% used [0x00000000eab00000,0x00000000eab00000,0x00000000ec080000)
  from space 1024K, 70% used [0x00000000ec380000,0x00000000ec435a20,0x00000000ec480000)
  to   space 2048K, 0% used [0x00000000ec080000,0x00000000ec080000,0x00000000ec280000)
 ParOldGen       total 68608K, used 23368K [0x00000000c0000000, 0x00000000c4300000, 0x00000000eab00000)
  object space 68608K, 34% used [0x00000000c0000000,0x00000000c16d23f8,0x00000000c4300000)
 Metaspace       used 37770K, committed 38400K, reserved 1089536K
  class space    used 3902K, committed 4160K, reserved 1048576K
}
Event: 7.076 GC heap before
{Heap before GC invocations=17 (full 2):
 PSYoungGen      total 23040K, used 22742K [0x00000000eab00000, 0x00000000ec480000, 0x0000000100000000)
  eden space 22016K, 100% used [0x00000000eab00000,0x00000000ec080000,0x00000000ec080000)
  from space 1024K, 70% used [0x00000000ec380000,0x00000000ec435a20,0x00000000ec480000)
  to   space 2048K, 0% used [0x00000000ec080000,0x00000000ec080000,0x00000000ec280000)
 ParOldGen       total 68608K, used 23368K [0x00000000c0000000, 0x00000000c4300000, 0x00000000eab00000)
  object space 68608K, 34% used [0x00000000c0000000,0x00000000c16d23f8,0x00000000c4300000)
 Metaspace       used 39302K, committed 39936K, reserved 1089536K
  class space    used 4028K, committed 4288K, reserved 1048576K
}
Event: 7.077 GC heap after
{Heap after GC invocations=17 (full 2):
 PSYoungGen      total 24064K, used 1639K [0x00000000eab00000, 0x00000000ec480000, 0x0000000100000000)
  eden space 22016K, 0% used [0x00000000eab00000,0x00000000eab00000,0x00000000ec080000)
  from space 2048K, 80% used [0x00000000ec080000,0x00000000ec219e88,0x00000000ec280000)
  to   space 2048K, 0% used [0x00000000ec280000,0x00000000ec280000,0x00000000ec480000)
 ParOldGen       total 68608K, used 23990K [0x00000000c0000000, 0x00000000c4300000, 0x00000000eab00000)
  object space 68608K, 34% used [0x00000000c0000000,0x00000000c176d9a0,0x00000000c4300000)
 Metaspace       used 39302K, committed 39936K, reserved 1089536K
  class space    used 4028K, committed 4288K, reserved 1048576K
}
Event: 7.134 GC heap before
{Heap before GC invocations=18 (full 2):
 PSYoungGen      total 24064K, used 23610K [0x00000000eab00000, 0x00000000ec480000, 0x0000000100000000)
  eden space 22016K, 99% used [0x00000000eab00000,0x00000000ec074c20,0x00000000ec080000)
  from space 2048K, 80% used [0x00000000ec080000,0x00000000ec219e88,0x00000000ec280000)
  to   space 2048K, 0% used [0x00000000ec280000,0x00000000ec280000,0x00000000ec480000)
 ParOldGen       total 68608K, used 23990K [0x00000000c0000000, 0x00000000c4300000, 0x00000000eab00000)
  object space 68608K, 34% used [0x00000000c0000000,0x00000000c176d9a0,0x00000000c4300000)
 Metaspace       used 39328K, committed 39936K, reserved 1089536K
  class space    used 4028K, committed 4288K, reserved 1048576K
}
Event: 7.137 GC heap after
{Heap after GC invocations=18 (full 2):
 PSYoungGen      total 22528K, used 348K [0x00000000eab00000, 0x00000000ec300000, 0x0000000100000000)
  eden space 22016K, 0% used [0x00000000eab00000,0x00000000eab00000,0x00000000ec080000)
  from space 512K, 68% used [0x00000000ec280000,0x00000000ec2d73b8,0x00000000ec300000)
  to   space 1024K, 0% used [0x00000000ec100000,0x00000000ec100000,0x00000000ec200000)
 ParOldGen       total 68608K, used 24846K [0x00000000c0000000, 0x00000000c4300000, 0x00000000eab00000)
  object space 68608K, 36% used [0x00000000c0000000,0x00000000c1843be0,0x00000000c4300000)
 Metaspace       used 39328K, committed 39936K, reserved 1089536K
  class space    used 4028K, committed 4288K, reserved 1048576K
}

