# JRE version: OpenJDK Runtime Environment Temurin-17.0.5+8 (17.0.5+8) (build 17.0.5+8)
# Java VM: OpenJDK 64-Bit Server VM Temurin-17.0.5+8 (17.0.5+8, mixed mode, tiered, compressed oops, compressed class ptrs, parallel gc, windows-amd64)
GC Precious Log:
 CPUs: 12 total, 12 available
 Memory: 7549M
 Large Page Support: Disabled
 NUMA Support: Disabled
 Compressed Oops: Enabled (32-bit)
 Alignments: Space 512K, Generation 512K, Heap 2M
 Heap Min Capacity: 100M
 Heap Initial Capacity: 100M
 Heap Max Capacity: 1G
 Pre-touch: Disabled
 Parallel Workers: 10
Heap:
 PSYoungGen      total 17408K, used 7367K [0x00000000eab00000, 0x00000000ebd80000, 0x0000000100000000)
  eden space 15872K, 42% used [0x00000000eab00000,0x00000000eb189d20,0x00000000eba80000)
  from space 1536K, 43% used [0x00000000eba80000,0x00000000ebb28000,0x00000000ebc00000)
  to   space 1024K, 0% used [0x00000000ebc80000,0x00000000ebc80000,0x00000000ebd80000)
 ParOldGen       total 68608K, used 39026K [0x00000000c0000000, 0x00000000c4300000, 0x00000000eab00000)
  object space 68608K, 56% used [0x00000000c0000000,0x00000000c261ca70,0x00000000c4300000)
 Metaspace       used 65215K, committed 66240K, reserved 1114112K
  class space    used 6875K, committed 7296K, reserved 1048576K
GC Heap History (20 events):
Event: 6.002 GC heap before
{Heap before GC invocations=27 (full 2):
 PSYoungGen      total 19968K, used 19961K [0x00000000eab00000, 0x00000000ec080000, 0x0000000100000000)
  eden space 18944K, 100% used [0x00000000eab00000,0x00000000ebd80000,0x00000000ebd80000)
  from space 1024K, 99% used [0x00000000ebf00000,0x00000000ebffe470,0x00000000ec000000)
  to   space 1536K, 0% used [0x00000000ebd80000,0x00000000ebd80000,0x00000000ebf00000)
 ParOldGen       total 68608K, used 32341K [0x00000000c0000000, 0x00000000c4300000, 0x00000000eab00000)
  object space 68608K, 47% used [0x00000000c0000000,0x00000000c1f957c0,0x00000000c4300000)
 Metaspace       used 56267K, committed 57088K, reserved 1105920K
  class space    used 5997K, committed 6336K, reserved 1048576K
}
Event: 6.004 GC heap after
{Heap after GC invocations=27 (full 2):
 PSYoungGen      total 19968K, used 816K [0x00000000eab00000, 0x00000000ebf80000, 0x0000000100000000)
  eden space 18944K, 0% used [0x00000000eab00000,0x00000000eab00000,0x00000000ebd80000)
  from space 1024K, 79% used [0x00000000ebd80000,0x00000000ebe4c010,0x00000000ebe80000)
  to   space 1024K, 0% used [0x00000000ebe80000,0x00000000ebe80000,0x00000000ebf80000)
 ParOldGen       total 68608K, used 33201K [0x00000000c0000000, 0x00000000c4300000, 0x00000000eab00000)
  object space 68608K, 48% used [0x00000000c0000000,0x00000000c206c660,0x00000000c4300000)
 Metaspace       used 56267K, committed 57088K, reserved 1105920K
  class space    used 5997K, committed 6336K, reserved 1048576K
}
Event: 6.477 GC heap before
{Heap before GC invocations=28 (full 2):
 PSYoungGen      total 19968K, used 19760K [0x00000000eab00000, 0x00000000ebf80000, 0x0000000100000000)
  eden space 18944K, 100% used [0x00000000eab00000,0x00000000ebd80000,0x00000000ebd80000)
  from space 1024K, 79% used [0x00000000ebd80000,0x00000000ebe4c010,0x00000000ebe80000)
  to   space 1024K, 0% used [0x00000000ebe80000,0x00000000ebe80000,0x00000000ebf80000)
 ParOldGen       total 68608K, used 33201K [0x00000000c0000000, 0x00000000c4300000, 0x00000000eab00000)
  object space 68608K, 48% used [0x00000000c0000000,0x00000000c206c660,0x00000000c4300000)
 Metaspace       used 58663K, committed 59648K, reserved 1105920K
  class space    used 6245K, committed 6656K, reserved 1048576K
}
Event: 6.479 GC heap after
{Heap after GC invocations=28 (full 2):
 PSYoungGen      total 18432K, used 998K [0x00000000eab00000, 0x00000000ec280000, 0x0000000100000000)
  eden space 17408K, 0% used [0x00000000eab00000,0x00000000eab00000,0x00000000ebc00000)
  from space 1024K, 97% used [0x00000000ebe80000,0x00000000ebf79978,0x00000000ebf80000)
  to   space 2560K, 0% used [0x00000000ebc00000,0x00000000ebc00000,0x00000000ebe80000)
 ParOldGen       total 68608K, used 34332K [0x00000000c0000000, 0x00000000c4300000, 0x00000000eab00000)
  object space 68608K, 50% used [0x00000000c0000000,0x00000000c2187368,0x00000000c4300000)
 Metaspace       used 58663K, committed 59648K, reserved 1105920K
  class space    used 6245K, committed 6656K, reserved 1048576K
}
Event: 6.517 GC heap before
{Heap before GC invocations=29 (full 2):
 PSYoungGen      total 18432K, used 2280K [0x00000000eab00000, 0x00000000ec280000, 0x0000000100000000)
  eden space 17408K, 7% used [0x00000000eab00000,0x00000000eac40770,0x00000000ebc00000)
  from space 1024K, 97% used [0x00000000ebe80000,0x00000000ebf79978,0x00000000ebf80000)
  to   space 2560K, 0% used [0x00000000ebc00000,0x00000000ebc00000,0x00000000ebe80000)
 ParOldGen       total 68608K, used 34332K [0x00000000c0000000, 0x00000000c4300000, 0x00000000eab00000)
  object space 68608K, 50% used [0x00000000c0000000,0x00000000c2187368,0x00000000c4300000)
 Metaspace       used 58858K, committed 59776K, reserved 1105920K
  class space    used 6267K, committed 6656K, reserved 1048576K
}
Event: 6.518 GC heap after
{Heap after GC invocations=29 (full 2):
 PSYoungGen      total 19968K, used 320K [0x00000000eab00000, 0x00000000ebf80000, 0x0000000100000000)
  eden space 17408K, 0% used [0x00000000eab00000,0x00000000eab00000,0x00000000ebc00000)
  from space 2560K, 12% used [0x00000000ebc00000,0x00000000ebc50000,0x00000000ebe80000)
  to   space 1024K, 0% used [0x00000000ebe80000,0x00000000ebe80000,0x00000000ebf80000)
 ParOldGen       total 68608K, used 35304K [0x00000000c0000000, 0x00000000c4300000, 0x00000000eab00000)
  object space 68608K, 51% used [0x00000000c0000000,0x00000000c227a340,0x00000000c4300000)
 Metaspace       used 58858K, committed 59776K, reserved 1105920K
  class space    used 6267K, committed 6656K, reserved 1048576K
}
Event: 6.518 GC heap before
{Heap before GC invocations=30 (full 3):
 PSYoungGen      total 19968K, used 320K [0x00000000eab00000, 0x00000000ebf80000, 0x0000000100000000)
  eden space 17408K, 0% used [0x00000000eab00000,0x00000000eab00000,0x00000000ebc00000)
  from space 2560K, 12% used [0x00000000ebc00000,0x00000000ebc50000,0x00000000ebe80000)
  to   space 1024K, 0% used [0x00000000ebe80000,0x00000000ebe80000,0x00000000ebf80000)
 ParOldGen       total 68608K, used 35304K [0x00000000c0000000, 0x00000000c4300000, 0x00000000eab00000)
  object space 68608K, 51% used [0x00000000c0000000,0x00000000c227a340,0x00000000c4300000)
 Metaspace       used 58858K, committed 59776K, reserved 1105920K
  class space    used 6267K, committed 6656K, reserved 1048576K
}
Event: 6.562 GC heap after
{Heap after GC invocations=30 (full 3):
 PSYoungGen      total 19968K, used 0K [0x00000000eab00000, 0x00000000ebf80000, 0x0000000100000000)
  eden space 17408K, 0% used [0x00000000eab00000,0x00000000eab00000,0x00000000ebc00000)
  from space 2560K, 0% used [0x00000000ebc00000,0x00000000ebc00000,0x00000000ebe80000)
  to   space 1024K, 0% used [0x00000000ebe80000,0x00000000ebe80000,0x00000000ebf80000)
 ParOldGen       total 68608K, used 33075K [0x00000000c0000000, 0x00000000c4300000, 0x00000000eab00000)
  object space 68608K, 48% used [0x00000000c0000000,0x00000000c204cf58,0x00000000c4300000)
 Metaspace       used 58858K, committed 59776K, reserved 1105920K
  class space    used 6267K, committed 6656K, reserved 1048576K
}
Event: 21.594 GC heap before
{Heap before GC invocations=31 (full 3):
 PSYoungGen      total 19968K, used 17408K [0x00000000eab00000, 0x00000000ebf80000, 0x0000000100000000)
  eden space 17408K, 100% used [0x00000000eab00000,0x00000000ebc00000,0x00000000ebc00000)
  from space 2560K, 0% used [0x00000000ebc00000,0x00000000ebc00000,0x00000000ebe80000)
  to   space 1024K, 0% used [0x00000000ebe80000,0x00000000ebe80000,0x00000000ebf80000)
 ParOldGen       total 68608K, used 33075K [0x00000000c0000000, 0x00000000c4300000, 0x00000000eab00000)
  object space 68608K, 48% used [0x00000000c0000000,0x00000000c204cf58,0x00000000c4300000)
 Metaspace       used 60974K, committed 61952K, reserved 1105920K
  class space    used 6458K, committed 6848K, reserved 1048576K
}
Event: 21.596 GC heap after
{Heap after GC invocations=31 (full 3):
 PSYoungGen      total 18432K, used 1002K [0x00000000eab00000, 0x00000000ebf80000, 0x0000000100000000)
  eden space 17408K, 0% used [0x00000000eab00000,0x00000000eab00000,0x00000000ebc00000)
  from space 1024K, 97% used [0x00000000ebe80000,0x00000000ebf7a830,0x00000000ebf80000)
  to   space 1536K, 0% used [0x00000000ebc80000,0x00000000ebc80000,0x00000000ebe00000)
 ParOldGen       total 68608K, used 33259K [0x00000000c0000000, 0x00000000c4300000, 0x00000000eab00000)
  object space 68608K, 48% used [0x00000000c0000000,0x00000000c207af78,0x00000000c4300000)
 Metaspace       used 60974K, committed 61952K, reserved 1105920K
  class space    used 6458K, committed 6848K, reserved 1048576K
}
Event: 104.207 GC heap before
{Heap before GC invocations=32 (full 3):
 PSYoungGen      total 18432K, used 18410K [0x00000000eab00000, 0x00000000ebf80000, 0x0000000100000000)
  eden space 17408K, 100% used [0x00000000eab00000,0x00000000ebc00000,0x00000000ebc00000)
  from space 1024K, 97% used [0x00000000ebe80000,0x00000000ebf7a830,0x00000000ebf80000)
  to   space 1536K, 0% used [0x00000000ebc80000,0x00000000ebc80000,0x00000000ebe00000)
 ParOldGen       total 68608K, used 33259K [0x00000000c0000000, 0x00000000c4300000, 0x00000000eab00000)
  object space 68608K, 48% used [0x00000000c0000000,0x00000000c207af78,0x00000000c4300000)
 Metaspace       used 61349K, committed 62336K, reserved 1105920K
  class space    used 6470K, committed 6848K, reserved 1048576K
}
Event: 104.209 GC heap after
{Heap after GC invocations=32 (full 3):
 PSYoungGen      total 18944K, used 320K [0x00000000eab00000, 0x00000000ebf00000, 0x0000000100000000)
  eden space 17408K, 0% used [0x00000000eab00000,0x00000000eab00000,0x00000000ebc00000)
  from space 1536K, 20% used [0x00000000ebc80000,0x00000000ebcd0000,0x00000000ebe00000)
  to   space 1024K, 0% used [0x00000000ebe00000,0x00000000ebe00000,0x00000000ebf00000)
 ParOldGen       total 68608K, used 34242K [0x00000000c0000000, 0x00000000c4300000, 0x00000000eab00000)
  object space 68608K, 49% used [0x00000000c0000000,0x00000000c2170968,0x00000000c4300000)
 Metaspace       used 61349K, committed 62336K, reserved 1105920K
  class space    used 6470K, committed 6848K, reserved 1048576K
}
Event: 149.042 GC heap before
{Heap before GC invocations=33 (full 3):
 PSYoungGen      total 18944K, used 17634K [0x00000000eab00000, 0x00000000ebf00000, 0x0000000100000000)
  eden space 17408K, 99% used [0x00000000eab00000,0x00000000ebbe8ad8,0x00000000ebc00000)
  from space 1536K, 20% used [0x00000000ebc80000,0x00000000ebcd0000,0x00000000ebe00000)
  to   space 1024K, 0% used [0x00000000ebe00000,0x00000000ebe00000,0x00000000ebf00000)
 ParOldGen       total 68608K, used 34242K [0x00000000c0000000, 0x00000000c4300000, 0x00000000eab00000)
  object space 68608K, 49% used [0x00000000c0000000,0x00000000c2170968,0x00000000c4300000)
 Metaspace       used 61759K, committed 62784K, reserved 1105920K
  class space    used 6500K, committed 6912K, reserved 1048576K
}
Event: 149.044 GC heap after
{Heap after GC invocations=33 (full 3):
 PSYoungGen      total 16896K, used 1011K [0x00000000eab00000, 0x00000000ec300000, 0x0000000100000000)
  eden space 15872K, 0% used [0x00000000eab00000,0x00000000eab00000,0x00000000eba80000)
  from space 1024K, 98% used [0x00000000ebe00000,0x00000000ebefcfc0,0x00000000ebf00000)
  to   space 3584K, 0% used [0x00000000eba80000,0x00000000eba80000,0x00000000ebe00000)
 ParOldGen       total 68608K, used 36207K [0x00000000c0000000, 0x00000000c4300000, 0x00000000eab00000)
  object space 68608K, 52% used [0x00000000c0000000,0x00000000c235bdb8,0x00000000c4300000)
 Metaspace       used 61759K, committed 62784K, reserved 1105920K
  class space    used 6500K, committed 6912K, reserved 1048576K
}
Event: 150.157 GC heap before
{Heap before GC invocations=34 (full 3):
 PSYoungGen      total 16896K, used 16883K [0x00000000eab00000, 0x00000000ec300000, 0x0000000100000000)
  eden space 15872K, 100% used [0x00000000eab00000,0x00000000eba80000,0x00000000eba80000)
  from space 1024K, 98% used [0x00000000ebe00000,0x00000000ebefcfc0,0x00000000ebf00000)
  to   space 3584K, 0% used [0x00000000eba80000,0x00000000eba80000,0x00000000ebe00000)
 ParOldGen       total 68608K, used 36207K [0x00000000c0000000, 0x00000000c4300000, 0x00000000eab00000)
  object space 68608K, 52% used [0x00000000c0000000,0x00000000c235bdb8,0x00000000c4300000)
 Metaspace       used 62578K, committed 63552K, reserved 1105920K
  class space    used 6587K, committed 6976K, reserved 1048576K
}
Event: 150.159 GC heap after
{Heap after GC invocations=34 (full 3):
 PSYoungGen      total 17920K, used 1846K [0x00000000eab00000, 0x00000000ebf80000, 0x0000000100000000)
  eden space 15872K, 0% used [0x00000000eab00000,0x00000000eab00000,0x00000000eba80000)
  from space 2048K, 90% used [0x00000000eba80000,0x00000000ebc4da48,0x00000000ebc80000)
  to   space 2560K, 0% used [0x00000000ebd00000,0x00000000ebd00000,0x00000000ebf80000)
 ParOldGen       total 68608K, used 36955K [0x00000000c0000000, 0x00000000c4300000, 0x00000000eab00000)
  object space 68608K, 53% used [0x00000000c0000000,0x00000000c2416fd0,0x00000000c4300000)
 Metaspace       used 62578K, committed 63552K, reserved 1105920K
  class space    used 6587K, committed 6976K, reserved 1048576K
}
Event: 150.528 GC heap before
{Heap before GC invocations=35 (full 3):
 PSYoungGen      total 17920K, used 17718K [0x00000000eab00000, 0x00000000ebf80000, 0x0000000100000000)
  eden space 15872K, 100% used [0x00000000eab00000,0x00000000eba80000,0x00000000eba80000)
  from space 2048K, 90% used [0x00000000eba80000,0x00000000ebc4da48,0x00000000ebc80000)
  to   space 2560K, 0% used [0x00000000ebd00000,0x00000000ebd00000,0x00000000ebf80000)
 ParOldGen       total 68608K, used 36955K [0x00000000c0000000, 0x00000000c4300000, 0x00000000eab00000)
  object space 68608K, 53% used [0x00000000c0000000,0x00000000c2416fd0,0x00000000c4300000)
 Metaspace       used 64704K, committed 65728K, reserved 1114112K
  class space    used 6862K, committed 7296K, reserved 1048576K
}
Event: 150.530 GC heap after
{Heap after GC invocations=35 (full 3):
 PSYoungGen      total 16384K, used 480K [0x00000000eab00000, 0x00000000ebd80000, 0x0000000100000000)
  eden space 15872K, 0% used [0x00000000eab00000,0x00000000eab00000,0x00000000eba80000)
  from space 512K, 93% used [0x00000000ebd00000,0x00000000ebd78000,0x00000000ebd80000)
  to   space 1536K, 0% used [0x00000000eba80000,0x00000000eba80000,0x00000000ebc00000)
 ParOldGen       total 68608K, used 38674K [0x00000000c0000000, 0x00000000c4300000, 0x00000000eab00000)
  object space 68608K, 56% used [0x00000000c0000000,0x00000000c25c4a70,0x00000000c4300000)
 Metaspace       used 64704K, committed 65728K, reserved 1114112K
  class space    used 6862K, committed 7296K, reserved 1048576K
}
Event: 240.366 GC heap before
{Heap before GC invocations=36 (full 3):
 PSYoungGen      total 16384K, used 16352K [0x00000000eab00000, 0x00000000ebd80000, 0x0000000100000000)
  eden space 15872K, 100% used [0x00000000eab00000,0x00000000eba80000,0x00000000eba80000)
  from space 512K, 93% used [0x00000000ebd00000,0x00000000ebd78000,0x00000000ebd80000)
  to   space 1536K, 0% used [0x00000000eba80000,0x00000000eba80000,0x00000000ebc00000)
 ParOldGen       total 68608K, used 38674K [0x00000000c0000000, 0x00000000c4300000, 0x00000000eab00000)
  object space 68608K, 56% used [0x00000000c0000000,0x00000000c25c4a70,0x00000000c4300000)
 Metaspace       used 64884K, committed 65920K, reserved 1114112K
  class space    used 6863K, committed 7296K, reserved 1048576K
}
Event: 240.370 GC heap after
{Heap after GC invocations=36 (full 3):
 PSYoungGen      total 17408K, used 672K [0x00000000eab00000, 0x00000000ebd80000, 0x0000000100000000)
  eden space 15872K, 0% used [0x00000000eab00000,0x00000000eab00000,0x00000000eba80000)
  from space 1536K, 43% used [0x00000000eba80000,0x00000000ebb28000,0x00000000ebc00000)
  to   space 1024K, 0% used [0x00000000ebc80000,0x00000000ebc80000,0x00000000ebd80000)
 ParOldGen       total 68608K, used 39026K [0x00000000c0000000, 0x00000000c4300000, 0x00000000eab00000)
  object space 68608K, 56% used [0x00000000c0000000,0x00000000c261ca70,0x00000000c4300000)
 Metaspace       used 64884K, committed 65920K, reserved 1114112K
  class space    used 6863K, committed 7296K, reserved 1048576K
}

